Build started 21/4/2026 19:54:13.
     1>Project "C:\PS3SX\PS3SX.vcxproj" on node 2 (Build target(s)).
     1>CustomBuild:
         Performing Custom Build Tools
         C:\PS3SX\pcsxcore\ppc\pasm.s: Assembler messages:
         C:\PS3SX\pcsxcore\ppc\pasm.s:18: Error: unsupported relocation against r0
         C:\PS3SX\pcsxcore\ppc\pasm.s:19: Error: unsupported relocation against r14
         C:\PS3SX\pcsxcore\ppc\pasm.s:19: Error: unsupported relocation against r1
         C:\PS3SX\pcsxcore\ppc\pasm.s:20: Error: unsupported relocation against r0
         C:\PS3SX\pcsxcore\ppc\pasm.s:20: Error: unsupported relocation against r1
         C:\PS3SX\pcsxcore\ppc\pasm.s:21: Error: unsupported relocation against r1
         C:\PS3SX\pcsxcore\ppc\pasm.s:21: Error: invalid register operand when updating
         C:\PS3SX\pcsxcore\ppc\pasm.s:21: Error: unsupported relocation against r1
         C:\PS3SX\pcsxcore\ppc\pasm.s:24: Error: unsupported relocation against r3
         C:\PS3SX\pcsxcore\ppc\pasm.s:25: Error: unsupported relocation against r31
         C:\PS3SX\pcsxcore\ppc\pasm.s:25: Error: unsupported relocation against r4
         C:\PS3SX\pcsxcore\ppc\pasm.s:26: Error: unsupported relocation against r30
         C:\PS3SX\pcsxcore\ppc\pasm.s:26: Error: unsupported relocation against r5
         C:\PS3SX\pcsxcore\ppc\pasm.s:35: Error: unsupported relocation against r0
         C:\PS3SX\pcsxcore\ppc\pasm.s:35: Error: unsupported relocation against r1
         C:\PS3SX\pcsxcore\ppc\pasm.s:36: Error: unsupported relocation against r1
         C:\PS3SX\pcsxcore\ppc\pasm.s:36: Error: unsupported relocation against r1
         C:\PS3SX\pcsxcore\ppc\pasm.s:37: Error: unsupported relocation against r0
         C:\PS3SX\pcsxcore\ppc\pasm.s:38: Error: unsupported relocation against r14
         C:\PS3SX\pcsxcore\ppc\pasm.s:38: Error: index register in load range
         C:\PS3SX\pcsxcore\ppc\pasm.s:38: Error: unsupported relocation against r1
     1>C:\Program Files (x86)\MSBuild\Microsoft.Cpp\v4.0\V110\Microsoft.CppCommon.targets(172,5): error MSB6006: "cmd.exe" exited with code 1.
     1>Done Building Project "C:\PS3SX\PS3SX.vcxproj" (Build target(s)) -- FAILED.

Build FAILED.

Time Elapsed 00:00:00.29
